== M1 [pmp] -> KILLED [pmp_ref_bmc]
== M2 [pmp] -> KILLED [pmp_match_bmc,pmp_ref_bmc]
== M3 [pmp] -> KILLED [pmp_ref_bmc]
== M4 [pmp] -> KILLED [pmp_ref_bmc]
== M5 [pmp] -> KILLED [pmp_entry_bmc]
== M6 [csr] -> KILLED [csr_warl_bmc]
== M7 [csr] -> KILLED [csr_warl_bmc]
== M8 [csr] -> KILLED [csr_warl_bmc]
== M9 [trap] -> KILLED [trap_priv_bmc]
== M10 [trap] -> KILLED [trap_priv_bmc]
== M11 [trap] -> KILLED [trap_priv_bmc]
== M12 [trap] -> KILLED [trap_priv_bmc]
== M13 [trap] -> KILLED [trap_priv_bmc]
== M14 [trap] -> KILLED [trap_priv_bmc]
== M15 [vm] -> KILLED [vm_bmc]
== M16 [pmp] -> KILLED [pmp_entry_bmc]
== M17 [pmp] -> KILLED [pmp_match_bmc,pmp_ref_bmc]
== M18 [pmp] -> KILLED [pmp_entry_bmc]
== M19 [csr] -> KILLED [csr_warl_bmc]
== M20 [csr] -> KILLED [csr_warl_bmc]
== M21 [csr] -> KILLED [csr_warl_bmc]
== M22 [trap] -> KILLED [trap_priv_bmc]
== M23 [trap] -> KILLED [trap_priv_bmc]
== M24 [trap] -> KILLED [trap_priv_bmc]
== M25 [trap] -> KILLED [trap_priv_bmc]
== M26 [trap] -> KILLED [trap_priv_bmc]
----
mutants: 26  survivors: 0
PASS: all mutants killed
